<?xml version="1.0" encoding="UTF-8"?>
<!-- Generated by org.testng.reporters.JUnitXMLReporter -->
<testsuite ignored="0" hostname="DESKTOP-PV7ORL7" failures="1" tests="6" name="Test" time="0.133" errors="0" timestamp="2022-09-26T19:55:06 IST">
  <testcase classname="Testng.Basic" name="test" time="0.013"/>
  <testcase classname="Testng.Basic" name="test1" time="0.002"/>
  <testcase classname="Testng.Basic" name="test1" time="0.002"/>
  <testcase classname="Testng.Basic" name="test1" time="0.004"/>
  <testcase classname="Testng.Basic" name="test2" time="0.002"/>
  <testcase classname="Testng.Basic" name="test3" time="0.008">
    <failure type="java.lang.AssertionError" message="expected [true] but found [false]">
      <![CDATA[java.lang.AssertionError: expected [true] but found [false]
at Testng.Basic.test3(Basic.java:37)
at java.base/java.util.ArrayList.forEach(ArrayList.java:1511)
... Removed 31 stack frames]]>
    </failure>
  </testcase> <!-- test3 -->
</testsuite> <!-- Test -->
